Using pre-set license
Built from '2020.3/staging' branch; Version is '2020.3.18f1 (a7d1c678663c) revision 10998214'; Using compiler version '192528614'; Build Type 'Release'
OS: 'Windows 10 Home; OS build 19042.1348; Version 2009; 64bit' Language: 'en' Physical Memory: 8091 MB
BatchMode: 1, IsHumanControllingUs: 0, StartBugReporterOnCrash: 0, Is64bit: 1, IsPro: 0

COMMAND LINE ARGUMENTS:
C:\Program Files\Unity\Hub\Editor\2020.3.18f1\Editor\Unity.exe
-adb2
-batchMode
-noUpm
-name
AssetImportWorker0
-projectPath
C:/Users/ASUS PC/Documents/GitHub/mtec2120rreee/mtec2120rreee-main
-logFile
Logs/AssetImportWorker0.log
-srvPort
52082
Successfully changed project path to: C:/Users/ASUS PC/Documents/GitHub/mtec2120rreee/mtec2120rreee-main
C:/Users/ASUS PC/Documents/GitHub/mtec2120rreee/mtec2120rreee-main
Using Asset Import Pipeline V2.
Refreshing native plugins compatible for Editor in 57.19 ms, found 2 plugins.
Preloading 0 native plugins for Editor in 0.00 ms.
Initialize engine version: 2020.3.18f1 (a7d1c678663c)
[Subsystems] Discovering subsystems at path C:/Program Files/Unity/Hub/Editor/2020.3.18f1/Editor/Data/Resources/UnitySubsystems
[Subsystems] Discovering subsystems at path C:/Users/ASUS PC/Documents/GitHub/mtec2120rreee/mtec2120rreee-main/Assets
GfxDevice: creating device client; threaded=0
Direct3D:
    Version:  Direct3D 11.0 [level 11.1]
    Renderer: Intel(R) HD Graphics 520 (ID=0x1916)
    Vendor:   
    VRAM:     4045 MB
    Driver:   30.0.100.9864
Initialize mono
Mono path[0] = 'C:/Program Files/Unity/Hub/Editor/2020.3.18f1/Editor/Data/Managed'
Mono path[1] = 'C:/Program Files/Unity/Hub/Editor/2020.3.18f1/Editor/Data/MonoBleedingEdge/lib/mono/unityjit'
Mono config path = 'C:/Program Files/Unity/Hub/Editor/2020.3.18f1/Editor/Data/MonoBleedingEdge/etc'
Using monoOptions --debugger-agent=transport=dt_socket,embedding=1,server=y,suspend=n,address=127.0.0.1:56548
Begin MonoManager ReloadAssembly
Registering precompiled unity dll's ...
Register platform support module: C:/Program Files/Unity/Hub/Editor/2020.3.18f1/Editor/Data/PlaybackEngines/WindowsStandaloneSupport/UnityEditor.WindowsStandalone.Extensions.dll
Registered in 0.010857 seconds.
Native extension for WindowsStandalone target not found
Refreshing native plugins compatible for Editor in 49.99 ms, found 2 plugins.
Preloading 0 native plugins for Editor in 0.00 ms.
Mono: successfully reloaded assembly
- Completed reload, in  1.885 seconds
Domain Reload Profiling:
	ReloadAssembly (1885ms)
		BeginReloadAssembly (145ms)
			ExecutionOrderSort (0ms)
			DisableScriptedObjects (0ms)
			BackupInstance (0ms)
			ReleaseScriptingObjects (0ms)
			CreateAndSetChildDomain (1ms)
		EndReloadAssembly (583ms)
			LoadAssemblies (131ms)
			RebuildTransferFunctionScriptingTraits (0ms)
			SetupTypeCache (206ms)
			ReleaseScriptCaches (0ms)
			RebuildScriptCaches (42ms)
			SetupLoadedEditorAssemblies (209ms)
				LogAssemblyErrors (0ms)
				InitializePlatformSupportModulesInManaged (7ms)
				SetLoadedEditorAssemblies (0ms)
				RefreshPlugins (50ms)
				BeforeProcessingInitializeOnLoad (11ms)
				ProcessInitializeOnLoadAttributes (103ms)
				ProcessInitializeOnLoadMethodAttributes (37ms)
				AfterProcessingInitializeOnLoad (0ms)
				EditorAssembliesLoaded (0ms)
			ExecutionOrderSort2 (0ms)
			AwakeInstancesAfterBackupRestoration (0ms)
Platform modules already initialized, skipping
Registering precompiled user dll's ...
Registered in 0.011179 seconds.
Begin MonoManager ReloadAssembly
Native extension for WindowsStandalone target not found
Refreshing native plugins compatible for Editor in 0.49 ms, found 2 plugins.
Preloading 0 native plugins for Editor in 0.00 ms.
Mono: successfully reloaded assembly
- Completed reload, in  1.577 seconds
Domain Reload Profiling:
	ReloadAssembly (1579ms)
		BeginReloadAssembly (255ms)
			ExecutionOrderSort (0ms)
			DisableScriptedObjects (6ms)
			BackupInstance (0ms)
			ReleaseScriptingObjects (0ms)
			CreateAndSetChildDomain (24ms)
		EndReloadAssembly (1195ms)
			LoadAssemblies (177ms)
			RebuildTransferFunctionScriptingTraits (0ms)
			SetupTypeCache (380ms)
			ReleaseScriptCaches (0ms)
			RebuildScriptCaches (54ms)
			SetupLoadedEditorAssemblies (481ms)
				LogAssemblyErrors (0ms)
				InitializePlatformSupportModulesInManaged (8ms)
				SetLoadedEditorAssemblies (1ms)
				RefreshPlugins (1ms)
				BeforeProcessingInitializeOnLoad (124ms)
				ProcessInitializeOnLoadAttributes (302ms)
				ProcessInitializeOnLoadMethodAttributes (7ms)
				AfterProcessingInitializeOnLoad (39ms)
				EditorAssembliesLoaded (0ms)
			ExecutionOrderSort2 (0ms)
			AwakeInstancesAfterBackupRestoration (9ms)
Platform modules already initialized, skipping
========================================================================
Worker process is ready to serve import requests
Launched and connected shader compiler UnityShaderCompiler.exe after 0.19 seconds
Refreshing native plugins compatible for Editor in 0.44 ms, found 2 plugins.
Preloading 0 native plugins for Editor in 0.00 ms.
Unloading 1396 Unused Serialized files (Serialized files now loaded: 0)
System memory in use before: 78.8 MB.
System memory in use after: 78.8 MB.

Unloading 16 unused Assets to reduce memory usage. Loaded Objects now: 1848.
Total: 4.338600 ms (FindLiveObjects: 0.167100 ms CreateObjectMapping: 0.055800 ms MarkObjects: 3.995600 ms  DeleteObjects: 0.118600 ms)

AssetImportParameters requested are different than current active one (requested -> active):
  custom:framework-win-MediaFoundation: 216162199b28c13a410421893ffa2e32 -> 
  custom:video-decoder-ogg-theora: a1e56fd34408186e4bbccfd4996cb3dc -> 
  custom:container-muxer-webm: aa71ff27fc2769a1b78a27578f13a17b -> 
  custom:container-demuxer-webm: 4f35f7cbe854078d1ac9338744f61a02 -> 
  custom:container-demuxer-ogg: 62fdf1f143b41e24485cea50d1cbac27 -> 
  custom:video-encoder-webm-vp8: eb34c28f22e8b96e1ab97ce403110664 -> 
  custom:video-decoder-webm-vp8: 9c59270c3fd7afecdb556c50c9e8de78 -> 
  custom:audio-decoder-ogg-vorbis: bf7c407c2cedff20999df2af8eb42d56 -> 
  custom:audio-encoder-webm-vorbis: bf7c407c2cedff20999df2af8eb42d56 -> 
========================================================================
Received Import Request.
  path: Assets/POLYGON city pack/Meshes,textures/lamps fbx/Materials/Material.013.mat
  artifactKey: Guid(722b3f097c0bd724b998ef142e7ba2d8) Importer(815301076,1909f56bfc062723c751e8b465ee728b)
Start importing Assets/POLYGON city pack/Meshes,textures/lamps fbx/Materials/Material.013.mat using Guid(722b3f097c0bd724b998ef142e7ba2d8) Importer(815301076,1909f56bfc062723c751e8b465ee728b)  -> (artifact id: 'abbe85f58f887aa4ed3e40663be4dd5f') in 0.196809 seconds 
  Import took 0.199627 seconds .

========================================================================
Received Import Request.
  Time since last request: 0.000517 seconds.
  path: Assets/POLYGON city pack/Meshes,textures/lamps fbx/Materials/Material.009.mat
  artifactKey: Guid(fdec1f7b46d435c4485bc8d2d836cb42) Importer(815301076,1909f56bfc062723c751e8b465ee728b)
Start importing Assets/POLYGON city pack/Meshes,textures/lamps fbx/Materials/Material.009.mat using Guid(fdec1f7b46d435c4485bc8d2d836cb42) Importer(815301076,1909f56bfc062723c751e8b465ee728b)  -> (artifact id: '06d160788db31acea8cf9a3a413b2db4') in 0.029531 seconds 
  Import took 0.032833 seconds .

========================================================================
Received Import Request.
  Time since last request: 0.000398 seconds.
  path: Assets/POLYGON city pack/Meshes,textures/lamps fbx/Materials/Material.012.mat
  artifactKey: Guid(e52f3fca3932ca14fb4bd29705f49aa7) Importer(815301076,1909f56bfc062723c751e8b465ee728b)
Start importing Assets/POLYGON city pack/Meshes,textures/lamps fbx/Materials/Material.012.mat using Guid(e52f3fca3932ca14fb4bd29705f49aa7) Importer(815301076,1909f56bfc062723c751e8b465ee728b)  -> (artifact id: 'f2b593ee1b086a52e135466361793852') in 0.045874 seconds 
  Import took 0.049941 seconds .

========================================================================
Received Import Request.
  Time since last request: 0.000459 seconds.
  path: Assets/POLYGON city pack/Meshes,textures/lamps fbx/Materials/Material.004.mat
  artifactKey: Guid(4e882d15ddb40484e92bd2019384046e) Importer(815301076,1909f56bfc062723c751e8b465ee728b)
Start importing Assets/POLYGON city pack/Meshes,textures/lamps fbx/Materials/Material.004.mat using Guid(4e882d15ddb40484e92bd2019384046e) Importer(815301076,1909f56bfc062723c751e8b465ee728b)  -> (artifact id: 'a4a807506c47aceecb0fcbdb8304532e') in 0.024502 seconds 
  Import took 0.028745 seconds .

========================================================================
Received Import Request.
  Time since last request: 0.000407 seconds.
  path: Assets/POLYGON city pack/Meshes,textures/lamps fbx/Materials/Material.001.mat
  artifactKey: Guid(6754734f321ba1f45a008d3580566265) Importer(815301076,1909f56bfc062723c751e8b465ee728b)
Start importing Assets/POLYGON city pack/Meshes,textures/lamps fbx/Materials/Material.001.mat using Guid(6754734f321ba1f45a008d3580566265) Importer(815301076,1909f56bfc062723c751e8b465ee728b)  -> (artifact id: 'b2b3bd911b4fbaae373f7fa9592dede9') in 0.025663 seconds 
  Import took 0.029442 seconds .

========================================================================
Received Import Request.
  Time since last request: 0.000388 seconds.
  path: Assets/POLYGON city pack/Meshes,textures/lamps fbx
  artifactKey: Guid(1d1b50e188cdf104183861610963226a) Importer(815301076,1909f56bfc062723c751e8b465ee728b)
Start importing Assets/POLYGON city pack/Meshes,textures/lamps fbx using Guid(1d1b50e188cdf104183861610963226a) Importer(815301076,1909f56bfc062723c751e8b465ee728b)  -> (artifact id: '96268e19dc1bc9d096aa956321e96a15') in 0.009491 seconds 
  Import took 0.013617 seconds .

========================================================================
Received Import Request.
  Time since last request: 0.000387 seconds.
  path: Assets/POLYGON city pack/Meshes,textures/lamps fbx/Materials/Material.005.mat
  artifactKey: Guid(ec63ab36aa264f74f8dd00e6af23e117) Importer(815301076,1909f56bfc062723c751e8b465ee728b)
Start importing Assets/POLYGON city pack/Meshes,textures/lamps fbx/Materials/Material.005.mat using Guid(ec63ab36aa264f74f8dd00e6af23e117) Importer(815301076,1909f56bfc062723c751e8b465ee728b)  -> (artifact id: 'fc33c13d00291b1ca5893cb568522154') in 0.025942 seconds 
  Import took 0.029000 seconds .

========================================================================
Received Import Request.
  Time since last request: 0.000403 seconds.
  path: Assets/POLYGON city pack/Meshes,textures/lamps fbx/Materials/Material.014.mat
  artifactKey: Guid(1349a95e3e1d75145bb55d9fa31f4466) Importer(815301076,1909f56bfc062723c751e8b465ee728b)
Start importing Assets/POLYGON city pack/Meshes,textures/lamps fbx/Materials/Material.014.mat using Guid(1349a95e3e1d75145bb55d9fa31f4466) Importer(815301076,1909f56bfc062723c751e8b465ee728b)  -> (artifact id: 'eb69acfe776b96a93fe0ae2c196fb8a2') in 0.033345 seconds 
  Import took 0.038122 seconds .

========================================================================
Received Import Request.
  Time since last request: 0.000518 seconds.
  path: Assets/POLYGON city pack/Meshes,textures/lamps fbx/Materials
  artifactKey: Guid(6f77953547fdebf41b5b05ed8a4b08b8) Importer(815301076,1909f56bfc062723c751e8b465ee728b)
Start importing Assets/POLYGON city pack/Meshes,textures/lamps fbx/Materials using Guid(6f77953547fdebf41b5b05ed8a4b08b8) Importer(815301076,1909f56bfc062723c751e8b465ee728b)  -> (artifact id: 'afa21777f81de2b26fa0069c0652bd28') in 0.008533 seconds 
  Import took 0.014042 seconds .

========================================================================
Received Import Request.
  Time since last request: 0.000398 seconds.
  path: Assets/POLYGON city pack/Meshes,textures/lamps fbx/Materials/Material.007.mat
  artifactKey: Guid(573e627fd87603c45a297e66c4ad0e76) Importer(815301076,1909f56bfc062723c751e8b465ee728b)
Start importing Assets/POLYGON city pack/Meshes,textures/lamps fbx/Materials/Material.007.mat using Guid(573e627fd87603c45a297e66c4ad0e76) Importer(815301076,1909f56bfc062723c751e8b465ee728b)  -> (artifact id: '4dc7dea009dd4c635afdbf9d957aaeb8') in 0.024022 seconds 
  Import took 0.028376 seconds .

========================================================================
Received Import Request.
  Time since last request: 0.000371 seconds.
  path: Assets/POLYGON city pack/Meshes,textures/lamps fbx/Materials/Material.015.mat
  artifactKey: Guid(d0201c7896e067445adb45c0333a6702) Importer(815301076,1909f56bfc062723c751e8b465ee728b)
Start importing Assets/POLYGON city pack/Meshes,textures/lamps fbx/Materials/Material.015.mat using Guid(d0201c7896e067445adb45c0333a6702) Importer(815301076,1909f56bfc062723c751e8b465ee728b)  -> (artifact id: '3555740150727c3d1f441362827b859f') in 0.022471 seconds 
  Import took 0.026801 seconds .

========================================================================
Received Import Request.
  Time since last request: 0.000358 seconds.
  path: Assets/POLYGON city pack/Meshes,textures/lamps fbx/Materials/Material.016.mat
  artifactKey: Guid(6b202c0eb52218642a907c98d38ec954) Importer(815301076,1909f56bfc062723c751e8b465ee728b)
Start importing Assets/POLYGON city pack/Meshes,textures/lamps fbx/Materials/Material.016.mat using Guid(6b202c0eb52218642a907c98d38ec954) Importer(815301076,1909f56bfc062723c751e8b465ee728b)  -> (artifact id: '81f4c47a36c0b4360870856aa0e58205') in 0.028443 seconds 
  Import took 0.032652 seconds .

========================================================================
Received Import Request.
  Time since last request: 0.000341 seconds.
  path: Assets/POLYGON city pack/Meshes,textures/lamps fbx/Materials/Material.002.mat
  artifactKey: Guid(6b0262daaefe5d9479b90d20dfa07571) Importer(815301076,1909f56bfc062723c751e8b465ee728b)
Start importing Assets/POLYGON city pack/Meshes,textures/lamps fbx/Materials/Material.002.mat using Guid(6b0262daaefe5d9479b90d20dfa07571) Importer(815301076,1909f56bfc062723c751e8b465ee728b)  -> (artifact id: '12a3f30172c116ef8fa68e8635d02d3f') in 0.022950 seconds 
  Import took 0.027966 seconds .

========================================================================
Received Import Request.
  Time since last request: 0.000397 seconds.
  path: Assets/POLYGON city pack/Meshes,textures/lamps fbx/Materials/Material.006.mat
  artifactKey: Guid(e4340600a875367468ad256d47782634) Importer(815301076,1909f56bfc062723c751e8b465ee728b)
Start importing Assets/POLYGON city pack/Meshes,textures/lamps fbx/Materials/Material.006.mat using Guid(e4340600a875367468ad256d47782634) Importer(815301076,1909f56bfc062723c751e8b465ee728b)  -> (artifact id: '389eff0ca311ca86d933c191fbadc14d') in 0.030348 seconds 
  Import took 0.034174 seconds .

========================================================================
Received Import Request.
  Time since last request: 0.000391 seconds.
  path: Assets/POLYGON city pack/Meshes,textures/lamps fbx/Materials/Material.017.mat
  artifactKey: Guid(b24ce8b80d44fec428aaa8fc933acb15) Importer(815301076,1909f56bfc062723c751e8b465ee728b)
Start importing Assets/POLYGON city pack/Meshes,textures/lamps fbx/Materials/Material.017.mat using Guid(b24ce8b80d44fec428aaa8fc933acb15) Importer(815301076,1909f56bfc062723c751e8b465ee728b)  -> (artifact id: '90f3f7958165d7dd5adb74d739d72027') in 0.030848 seconds 
  Import took 0.034968 seconds .

========================================================================
Received Import Request.
  Time since last request: 0.000371 seconds.
  path: Assets/POLYGON city pack/Meshes,textures/lamps fbx/Materials/Material.011.mat
  artifactKey: Guid(45033fe7a12f69642888f71a85543d7c) Importer(815301076,1909f56bfc062723c751e8b465ee728b)
Start importing Assets/POLYGON city pack/Meshes,textures/lamps fbx/Materials/Material.011.mat using Guid(45033fe7a12f69642888f71a85543d7c) Importer(815301076,1909f56bfc062723c751e8b465ee728b)  -> (artifact id: '6e1b3d8e8fd0239d058f178895b46909') in 0.021940 seconds 
  Import took 0.041662 seconds .

========================================================================
Received Import Request.
  Time since last request: 0.000441 seconds.
  path: Assets/POLYGON city pack/Meshes,textures/lamps fbx/Materials/Material.010.mat
  artifactKey: Guid(278a961f8876d67458c6b276fffd66c1) Importer(815301076,1909f56bfc062723c751e8b465ee728b)
Start importing Assets/POLYGON city pack/Meshes,textures/lamps fbx/Materials/Material.010.mat using Guid(278a961f8876d67458c6b276fffd66c1) Importer(815301076,1909f56bfc062723c751e8b465ee728b)  -> (artifact id: '7a758d65b748c15b76090470737953ff') in 0.025554 seconds 
  Import took 0.028966 seconds .

========================================================================
Received Import Request.
  Time since last request: 0.000383 seconds.
  path: Assets/POLYGON city pack/Meshes,textures/lamps fbx/Materials/Material.003.mat
  artifactKey: Guid(ec7be08bf0f85ad49bb683a878e71aed) Importer(815301076,1909f56bfc062723c751e8b465ee728b)
Start importing Assets/POLYGON city pack/Meshes,textures/lamps fbx/Materials/Material.003.mat using Guid(ec7be08bf0f85ad49bb683a878e71aed) Importer(815301076,1909f56bfc062723c751e8b465ee728b)  -> (artifact id: '121538f990ede1e03da7ff15f33dd2f1') in 0.018715 seconds 
  Import took 0.022694 seconds .

========================================================================
Received Import Request.
  Time since last request: 0.000366 seconds.
  path: Assets/POLYGON city pack/Meshes,textures/lamps fbx/Materials/Material.018.mat
  artifactKey: Guid(eba715dc78bb41e43be907196b991995) Importer(815301076,1909f56bfc062723c751e8b465ee728b)
Start importing Assets/POLYGON city pack/Meshes,textures/lamps fbx/Materials/Material.018.mat using Guid(eba715dc78bb41e43be907196b991995) Importer(815301076,1909f56bfc062723c751e8b465ee728b)  -> (artifact id: '9fda995e111186dba00632e38771c157') in 0.022360 seconds 
  Import took 0.026464 seconds .

AssetImportWorkerClient::OnTransportError - code=2 error=End of file
